<?xml version="1.0" encoding="UTF-8"?>
<testsuite xmlns:xsi="http://www.w3.org/2001/XMLSchema-instance" xsi:noNamespaceSchemaLocation="https://maven.apache.org/surefire/maven-surefire-plugin/xsd/surefire-test-report-3.0.xsd" version="3.0" name="com.example.mongodb.proyecto.RestauranteParcial3ApplicationTests" time="9.705" tests="1" errors="0" skipped="0" failures="0">
  <properties>
[...]
</properties>
  <testcase name="contextLoads" classname="com.example.mongodb.proyecto.RestauranteParcial3ApplicationTests" time="1.872">
    <system-out><![CDATA[19:17:59.883 [main] INFO org.springframework.test.context.support.AnnotationConfigContextLoaderUtils -- Could not detect default configuration classes for test class [com.example.mongodb.proyecto.RestauranteParcial3ApplicationTests]: RestauranteParcial3ApplicationTests does not declare any static, non-private, non-final, nested classes annotated with @Configuration.
19:18:00.166 [main] INFO org.springframework.boot.test.context.SpringBootTestContextBootstrapper -- Found @SpringBootConfiguration com.example.mongodb.proyecto.RestauranteParcial3Application for test class com.example.mongodb.proyecto.RestauranteParcial3ApplicationTests
19:18:00.572 [main] INFO org.springframework.boot.devtools.restart.RestartApplicationListener -- Restart disabled due to context in which it is running

  .   ____          _            __ _ _
 /\\ / ___'_ __ _ _(_)_ __  __ _ \ \ \ \
( ( )\___ | '_ | '_| | '_ \/ _` | \ \ \ \
 \\/  ___)| |_)| | | | | || (_| |  ) ) ) )
  '  |____| .__|_| |_|_| |_\__, | / / / /
 =========|_|==============|___/=/_/_/_/

 :: Spring Boot ::                (v3.3.5)

2024-11-26T19:18:01.229-05:00  INFO 10260 --- [RestauranteParcial3] [           main] .m.p.RestauranteParcial3ApplicationTests : Starting RestauranteParcial3ApplicationTests using Java 23.0.1 with PID 10260 (started by Oscar Alvarado in C:\Users\Oscar Alvarado\Documents\workspace-spring-tool-suite-4-4.25.0.RELEASE\ProyectoMultimedia)
2024-11-26T19:18:01.234-05:00  INFO 10260 --- [RestauranteParcial3] [           main] .m.p.RestauranteParcial3ApplicationTests : No active profile set, falling back to 1 default profile: "default"
2024-11-26T19:18:02.909-05:00  INFO 10260 --- [RestauranteParcial3] [           main] .s.d.r.c.RepositoryConfigurationDelegate : Bootstrapping Spring Data MongoDB repositories in DEFAULT mode.
2024-11-26T19:18:03.075-05:00  INFO 10260 --- [RestauranteParcial3] [           main] .s.d.r.c.RepositoryConfigurationDelegate : Finished Spring Data repository scanning in 157 ms. Found 7 MongoDB repository interfaces.
2024-11-26T19:18:04.330-05:00  INFO 10260 --- [RestauranteParcial3] [           main] org.mongodb.driver.client                : MongoClient with metadata {"driver": {"name": "mongo-java-driver|sync|spring-boot", "version": "5.0.1"}, "os": {"type": "Windows", "name": "Windows 10", "architecture": "amd64", "version": "10.0"}, "platform": "Java/Oracle Corporation/23.0.1+11-39"} created with settings MongoClientSettings{readPreference=primary, writeConcern=WriteConcern{w=null, wTimeout=null ms, journal=null}, retryWrites=true, retryReads=true, readConcern=ReadConcern{level=null}, credential=MongoCredential{mechanism=null, userName='oscarpc', source='admin', password=<hidden>, mechanismProperties=<hidden>}, transportSettings=null, commandListeners=[], codecRegistry=ProvidersCodecRegistry{codecProviders=[ValueCodecProvider{}, BsonValueCodecProvider{}, DBRefCodecProvider{}, DBObjectCodecProvider{}, DocumentCodecProvider{}, CollectionCodecProvider{}, IterableCodecProvider{}, MapCodecProvider{}, GeoJsonCodecProvider{}, GridFSFileCodecProvider{}, Jsr310CodecProvider{}, JsonObjectCodecProvider{}, BsonCodecProvider{}, EnumCodecProvider{}, com.mongodb.client.model.mql.ExpressionCodecProvider@5995851e, com.mongodb.Jep395RecordCodecProvider@48a2db72, com.mongodb.KotlinCodecProvider@51bddd98]}, loggerSettings=LoggerSettings{maxDocumentLength=1000}, clusterSettings={hosts=[127.0.0.1:27017], srvHost=oscarpc.1ejck.mongodb.net, srvServiceName=mongodb, mode=MULTIPLE, requiredClusterType=REPLICA_SET, requiredReplicaSetName='atlas-1lbr42-shard-0', serverSelector='null', clusterListeners='[]', serverSelectionTimeout='30000 ms', localThreshold='15 ms'}, socketSettings=SocketSettings{connectTimeoutMS=10000, readTimeoutMS=0, receiveBufferSize=0, proxySettings=ProxySettings{host=null, port=null, username=null, password=null}}, heartbeatSocketSettings=SocketSettings{connectTimeoutMS=10000, readTimeoutMS=10000, receiveBufferSize=0, proxySettings=ProxySettings{host=null, port=null, username=null, password=null}}, connectionPoolSettings=ConnectionPoolSettings{maxSize=100, minSize=0, maxWaitTimeMS=120000, maxConnectionLifeTimeMS=0, maxConnectionIdleTimeMS=0, maintenanceInitialDelayMS=0, maintenanceFrequencyMS=60000, connectionPoolListeners=[], maxConnecting=2}, serverSettings=ServerSettings{heartbeatFrequencyMS=10000, minHeartbeatFrequencyMS=500, serverListeners='[]', serverMonitorListeners='[]'}, sslSettings=SslSettings{enabled=true, invalidHostNameAllowed=false, context=null}, applicationName='null', compressorList=[], uuidRepresentation=JAVA_LEGACY, serverApi=null, autoEncryptionSettings=null, dnsClient=null, inetAddressResolver=null, contextProvider=null}
2024-11-26T19:18:04.376-05:00  INFO 10260 --- [RestauranteParcial3] [jck.mongodb.net] org.mongodb.driver.cluster               : Adding discovered server oscarpc-shard-00-01.1ejck.mongodb.net:27017 to client view of cluster
2024-11-26T19:18:04.460-05:00  INFO 10260 --- [RestauranteParcial3] [jck.mongodb.net] org.mongodb.driver.cluster               : Adding discovered server oscarpc-shard-00-00.1ejck.mongodb.net:27017 to client view of cluster
2024-11-26T19:18:04.470-05:00  INFO 10260 --- [RestauranteParcial3] [jck.mongodb.net] org.mongodb.driver.cluster               : Adding discovered server oscarpc-shard-00-02.1ejck.mongodb.net:27017 to client view of cluster
2024-11-26T19:18:05.918-05:00  INFO 10260 --- [RestauranteParcial3] [ngodb.net:27017] org.mongodb.driver.cluster               : Monitor thread successfully connected to server with description ServerDescription{address=oscarpc-shard-00-01.1ejck.mongodb.net:27017, type=REPLICA_SET_PRIMARY, state=CONNECTED, ok=true, minWireVersion=0, maxWireVersion=25, maxDocumentSize=16777216, logicalSessionTimeoutMinutes=30, roundTripTimeNanos=824273300, setName='atlas-1lbr42-shard-0', canonicalAddress=oscarpc-shard-00-01.1ejck.mongodb.net:27017, hosts=[oscarpc-shard-00-00.1ejck.mongodb.net:27017, oscarpc-shard-00-01.1ejck.mongodb.net:27017, oscarpc-shard-00-02.1ejck.mongodb.net:27017], passives=[], arbiters=[], primary='oscarpc-shard-00-01.1ejck.mongodb.net:27017', tagSet=TagSet{[Tag{name='availabilityZone', value='2'}, Tag{name='diskState', value='READY'}, Tag{name='nodeType', value='ELECTABLE'}, Tag{name='provider', value='AZURE'}, Tag{name='region', value='US_EAST_2'}, Tag{name='workloadType', value='OPERATIONAL'}]}, electionId=7fffffff000000000000002d, setVersion=14, topologyVersion=TopologyVersion{processId=674631ba26f79a1b6347fb43, counter=6}, lastWriteDate=Tue Nov 26 19:18:06 GMT-05:00 2024, lastUpdateTimeNanos=3908738381300}
2024-11-26T19:18:05.918-05:00  INFO 10260 --- [RestauranteParcial3] [ngodb.net:27017] org.mongodb.driver.cluster               : Monitor thread successfully connected to server with description ServerDescription{address=oscarpc-shard-00-00.1ejck.mongodb.net:27017, type=REPLICA_SET_SECONDARY, state=CONNECTED, ok=true, minWireVersion=0, maxWireVersion=25, maxDocumentSize=16777216, logicalSessionTimeoutMinutes=30, roundTripTimeNanos=827860900, setName='atlas-1lbr42-shard-0', canonicalAddress=oscarpc-shard-00-00.1ejck.mongodb.net:27017, hosts=[oscarpc-shard-00-00.1ejck.mongodb.net:27017, oscarpc-shard-00-01.1ejck.mongodb.net:27017, oscarpc-shard-00-02.1ejck.mongodb.net:27017], passives=[], arbiters=[], primary='oscarpc-shard-00-01.1ejck.mongodb.net:27017', tagSet=TagSet{[Tag{name='availabilityZone', value='1'}, Tag{name='diskState', value='READY'}, Tag{name='nodeType', value='ELECTABLE'}, Tag{name='provider', value='AZURE'}, Tag{name='region', value='US_EAST_2'}, Tag{name='workloadType', value='OPERATIONAL'}]}, electionId=null, setVersion=14, topologyVersion=TopologyVersion{processId=67462edb4f91471cf9a6b83c, counter=4}, lastWriteDate=Tue Nov 26 19:18:06 GMT-05:00 2024, lastUpdateTimeNanos=3908738381300}
2024-11-26T19:18:05.918-05:00  INFO 10260 --- [RestauranteParcial3] [ngodb.net:27017] org.mongodb.driver.cluster               : Monitor thread successfully connected to server with description ServerDescription{address=oscarpc-shard-00-02.1ejck.mongodb.net:27017, type=REPLICA_SET_SECONDARY, state=CONNECTED, ok=true, minWireVersion=0, maxWireVersion=25, maxDocumentSize=16777216, logicalSessionTimeoutMinutes=30, roundTripTimeNanos=829505800, setName='atlas-1lbr42-shard-0', canonicalAddress=oscarpc-shard-00-02.1ejck.mongodb.net:27017, hosts=[oscarpc-shard-00-00.1ejck.mongodb.net:27017, oscarpc-shard-00-01.1ejck.mongodb.net:27017, oscarpc-shard-00-02.1ejck.mongodb.net:27017], passives=[], arbiters=[], primary='oscarpc-shard-00-01.1ejck.mongodb.net:27017', tagSet=TagSet{[Tag{name='availabilityZone', value='3'}, Tag{name='diskState', value='READY'}, Tag{name='nodeType', value='ELECTABLE'}, Tag{name='provider', value='AZURE'}, Tag{name='region', value='US_EAST_2'}, Tag{name='workloadType', value='OPERATIONAL'}]}, electionId=null, setVersion=14, topologyVersion=TopologyVersion{processId=67463464ba3c77497cede0eb, counter=3}, lastWriteDate=Tue Nov 26 19:18:06 GMT-05:00 2024, lastUpdateTimeNanos=3908738506300}
2024-11-26T19:18:05.925-05:00  INFO 10260 --- [RestauranteParcial3] [ngodb.net:27017] org.mongodb.driver.cluster               : Discovered replica set primary oscarpc-shard-00-01.1ejck.mongodb.net:27017 with max election id 7fffffff000000000000002d and max set version 14
2024-11-26T19:18:07.328-05:00  INFO 10260 --- [RestauranteParcial3] [           main] .m.p.RestauranteParcial3ApplicationTests : Started RestauranteParcial3ApplicationTests in 6.792 seconds (process running for 8.945)
]]></system-out>
    <system-err><![CDATA[WARNING: A Java agent has been loaded dynamically (C:\Users\Oscar Alvarado\.m2\repository\net\bytebuddy\byte-buddy-agent\1.14.19\byte-buddy-agent-1.14.19.jar)
WARNING: If a serviceability tool is in use, please run with -XX:+EnableDynamicAgentLoading to hide this warning
WARNING: If a serviceability tool is not in use, please run with -Djdk.instrument.traceUsage for more information
WARNING: Dynamic loading of agents will be disallowed by default in a future release
]]></system-err>
  </testcase>
</testsuite>